#! /usr/bin/vvp
:ivl_version "10.3 (stable)";
:ivl_delay_selection "TYPICAL";
:vpi_time_precision + 0;
:vpi_module "system";
:vpi_module "vhdl_sys";
:vpi_module "v2005_math";
:vpi_module "va_math";
S_0x559a5371e110 .scope module, "alu" "alu" 2 1;
 .timescale 0 0;
    .port_info 0 /OUTPUT 4 "R"
    .port_info 1 /OUTPUT 1 "zero"
    .port_info 2 /OUTPUT 1 "carry"
    .port_info 3 /OUTPUT 1 "sign"
    .port_info 4 /INPUT 4 "A"
    .port_info 5 /INPUT 4 "B"
    .port_info 6 /INPUT 2 "ALUOp"
    .port_info 7 /INPUT 1 "l"
o0x7f3a9b332468 .functor BUFZ 1, C4<z>; HiZ drive
L_0x559a5376c030 .functor OR 1, o0x7f3a9b332468, L_0x559a5376bf90, C4<0>, C4<0>;
L_0x559a5376c270 .functor OR 1, o0x7f3a9b332468, L_0x559a5376c1d0, C4<0>, C4<0>;
L_0x559a5376c3d0 .functor OR 1, L_0x559a5376c270, L_0x559a5376c330, C4<0>, C4<0>;
L_0x559a5376c530 .functor NOT 1, o0x7f3a9b332468, C4<0>, C4<0>, C4<0>;
L_0x559a5376c6a0 .functor NOT 1, L_0x559a5376c5d0, C4<0>, C4<0>, C4<0>;
L_0x559a5376c710 .functor AND 1, L_0x559a5376c530, L_0x559a5376c6a0, C4<1>, C4<1>;
L_0x559a5376c860 .functor NOT 1, o0x7f3a9b332468, C4<0>, C4<0>, C4<0>;
L_0x559a5376c970 .functor AND 1, L_0x559a5376c860, L_0x559a5376c8d0, C4<1>, C4<1>;
L_0x559a5376cad0 .functor OR 1, L_0x559a5376c710, L_0x559a5376c970, C4<0>, C4<0>;
L_0x559a5376cd10 .functor NOT 1, L_0x559a5376cc30, C4<0>, C4<0>, C4<0>;
L_0x559a5376ced0 .functor OR 1, L_0x559a5376cd10, L_0x559a5376ce30, C4<0>, C4<0>;
o0x7f3a9b332138 .functor BUFZ 4, C4<zzzz>; HiZ drive
v0x559a537696b0_0 .net "A", 3 0, o0x7f3a9b332138;  0 drivers
o0x7f3a9b333338 .functor BUFZ 2, C4<zz>; HiZ drive
v0x559a53769790_0 .net "ALUOp", 1 0, o0x7f3a9b333338;  0 drivers
o0x7f3a9b332168 .functor BUFZ 4, C4<zzzz>; HiZ drive
v0x559a53769850_0 .net "B", 3 0, o0x7f3a9b332168;  0 drivers
v0x559a537698f0_0 .net "R", 3 0, L_0x559a53770320;  1 drivers
v0x559a537699c0_0 .net *"_s1", 0 0, L_0x559a5376bf90;  1 drivers
v0x559a53769ad0_0 .net *"_s12", 0 0, L_0x559a5376c530;  1 drivers
v0x559a53769bb0_0 .net *"_s15", 0 0, L_0x559a5376c5d0;  1 drivers
v0x559a53769c90_0 .net *"_s16", 0 0, L_0x559a5376c6a0;  1 drivers
v0x559a53769d70_0 .net *"_s18", 0 0, L_0x559a5376c710;  1 drivers
v0x559a53769ee0_0 .net *"_s20", 0 0, L_0x559a5376c860;  1 drivers
v0x559a53769fc0_0 .net *"_s23", 0 0, L_0x559a5376c8d0;  1 drivers
v0x559a5376a0a0_0 .net *"_s24", 0 0, L_0x559a5376c970;  1 drivers
v0x559a5376a180_0 .net *"_s29", 0 0, L_0x559a5376cc30;  1 drivers
v0x559a5376a260_0 .net *"_s30", 0 0, L_0x559a5376cd10;  1 drivers
v0x559a5376a340_0 .net *"_s33", 0 0, L_0x559a5376ce30;  1 drivers
L_0x7f3a9b2e93c0 .functor BUFT 1, C4<0000>, C4<0>, C4<0>, C4<0>;
v0x559a5376a420_0 .net/2u *"_s40", 3 0, L_0x7f3a9b2e93c0;  1 drivers
v0x559a5376a500_0 .net *"_s42", 0 0, L_0x559a53770530;  1 drivers
L_0x7f3a9b2e9408 .functor BUFT 1, C4<01>, C4<0>, C4<0>, C4<0>;
v0x559a5376a6d0_0 .net/2s *"_s44", 1 0, L_0x7f3a9b2e9408;  1 drivers
L_0x7f3a9b2e9450 .functor BUFT 1, C4<00>, C4<0>, C4<0>, C4<0>;
v0x559a5376a7b0_0 .net/2s *"_s46", 1 0, L_0x7f3a9b2e9450;  1 drivers
v0x559a5376a890_0 .net *"_s48", 1 0, L_0x559a537706c0;  1 drivers
v0x559a5376a970_0 .net *"_s5", 0 0, L_0x559a5376c1d0;  1 drivers
v0x559a5376aa50_0 .net *"_s6", 0 0, L_0x559a5376c270;  1 drivers
v0x559a5376ab30_0 .net *"_s9", 0 0, L_0x559a5376c330;  1 drivers
v0x559a5376ac10_0 .net "carry", 0 0, L_0x559a5376eed0;  1 drivers
v0x559a5376acb0_0 .net "cin0", 0 0, L_0x559a5376ced0;  1 drivers
v0x559a5376ada0_0 .net "cp1", 0 0, L_0x559a5376cad0;  1 drivers
v0x559a5376ae40_0 .net "l", 0 0, o0x7f3a9b332468;  0 drivers
v0x559a5376aee0_0 .net "op1_A", 0 0, L_0x559a5376c030;  1 drivers
v0x559a5376af80_0 .net "op2_B", 0 0, L_0x559a5376c3d0;  1 drivers
v0x559a5376b050_0 .net "out_mux", 0 3, L_0x559a5376d030;  1 drivers
v0x559a5376b140_0 .net "out_op1", 0 3, L_0x559a5376cf90;  1 drivers
v0x559a5376b1e0_0 .net "out_op2", 0 3, v0x559a53761de0_0;  1 drivers
v0x559a5376b280_0 .net "salida_sum4", 0 3, L_0x559a5376f630;  1 drivers
v0x559a5376b580_0 .net "salida_ul4", 0 3, L_0x559a53770060;  1 drivers
v0x559a5376b690_0 .net "sign", 0 0, L_0x559a53770410;  1 drivers
v0x559a5376b750_0 .net "zero", 0 0, L_0x559a537707f0;  1 drivers
L_0x559a5376bf90 .part o0x7f3a9b333338, 1, 1;
L_0x559a5376c1d0 .part o0x7f3a9b333338, 1, 1;
L_0x559a5376c330 .part o0x7f3a9b333338, 0, 1;
L_0x559a5376c5d0 .part o0x7f3a9b333338, 1, 1;
L_0x559a5376c8d0 .part o0x7f3a9b333338, 0, 1;
L_0x559a5376cc30 .part o0x7f3a9b333338, 1, 1;
L_0x559a5376ce30 .part o0x7f3a9b333338, 0, 1;
L_0x559a53770410 .part L_0x559a53770320, 3, 1;
L_0x559a53770530 .cmp/eq 4, L_0x559a53770320, L_0x7f3a9b2e93c0;
L_0x559a537706c0 .functor MUXZ 2, L_0x7f3a9b2e9450, L_0x7f3a9b2e9408, L_0x559a53770530, C4<>;
L_0x559a537707f0 .part L_0x559a537706c0, 0, 1;
S_0x559a53719dd0 .scope module, "complemento" "compl1" 2 16, 3 1 0, S_0x559a5371e110;
 .timescale 0 0;
    .port_info 0 /OUTPUT 4 "Out"
    .port_info 1 /INPUT 4 "Inp"
    .port_info 2 /INPUT 1 "cpl"
v0x559a5371eaf0_0 .net "Inp", 3 0, L_0x559a5376d030;  alias, 1 drivers
v0x559a53761de0_0 .var "Out", 3 0;
v0x559a53761ec0_0 .net "cpl", 0 0, L_0x559a5376cad0;  alias, 1 drivers
E_0x559a53721a50 .event edge, v0x559a53761ec0_0, v0x559a5371eaf0_0;
S_0x559a53761fe0 .scope module, "mux1" "mux2_4" 2 15, 4 1 0, S_0x559a5371e110;
 .timescale 0 0;
    .port_info 0 /OUTPUT 4 "Out"
    .port_info 1 /INPUT 4 "A"
    .port_info 2 /INPUT 4 "B"
    .port_info 3 /INPUT 1 "s"
v0x559a537621d0_0 .net "A", 3 0, o0x7f3a9b332138;  alias, 0 drivers
v0x559a537622b0_0 .net "B", 3 0, o0x7f3a9b332168;  alias, 0 drivers
v0x559a53762390_0 .net "Out", 3 0, L_0x559a5376d030;  alias, 1 drivers
v0x559a53762430_0 .net "s", 0 0, L_0x559a5376c3d0;  alias, 1 drivers
L_0x559a5376d030 .functor MUXZ 4, o0x7f3a9b332138, o0x7f3a9b332168, L_0x559a5376c3d0, C4<>;
S_0x559a53762550 .scope module, "mux2" "mux2_4" 2 14, 4 1 0, S_0x559a5371e110;
 .timescale 0 0;
    .port_info 0 /OUTPUT 4 "Out"
    .port_info 1 /INPUT 4 "A"
    .port_info 2 /INPUT 4 "B"
    .port_info 3 /INPUT 1 "s"
L_0x7f3a9b2e9018 .functor BUFT 1, C4<0000>, C4<0>, C4<0>, C4<0>;
v0x559a537627c0_0 .net "A", 3 0, L_0x7f3a9b2e9018;  1 drivers
v0x559a537628a0_0 .net "B", 3 0, o0x7f3a9b332138;  alias, 0 drivers
v0x559a53762990_0 .net "Out", 3 0, L_0x559a5376cf90;  alias, 1 drivers
v0x559a53762a60_0 .net "s", 0 0, L_0x559a5376c030;  alias, 1 drivers
L_0x559a5376cf90 .functor MUXZ 4, L_0x7f3a9b2e9018, o0x7f3a9b332138, L_0x559a5376c030, C4<>;
S_0x559a53762bd0 .scope module, "mux3" "mux2_4" 2 19, 4 1 0, S_0x559a5371e110;
 .timescale 0 0;
    .port_info 0 /OUTPUT 4 "Out"
    .port_info 1 /INPUT 4 "A"
    .port_info 2 /INPUT 4 "B"
    .port_info 3 /INPUT 1 "s"
v0x559a53762e10_0 .net "A", 3 0, L_0x559a5376f630;  alias, 1 drivers
v0x559a53762f10_0 .net "B", 3 0, L_0x559a53770060;  alias, 1 drivers
v0x559a53762ff0_0 .net "Out", 3 0, L_0x559a53770320;  alias, 1 drivers
v0x559a537630e0_0 .net "s", 0 0, o0x7f3a9b332468;  alias, 0 drivers
L_0x559a53770320 .functor MUXZ 4, L_0x559a5376f630, L_0x559a53770060, o0x7f3a9b332468, C4<>;
S_0x559a53763250 .scope module, "sum" "sum4" 2 17, 5 1 0, S_0x559a5371e110;
 .timescale 0 0;
    .port_info 0 /OUTPUT 4 "S"
    .port_info 1 /OUTPUT 1 "c_out"
    .port_info 2 /INPUT 4 "A"
    .port_info 3 /INPUT 4 "B"
    .port_info 4 /INPUT 1 "c_in"
v0x559a53766f00_0 .net "A", 3 0, L_0x559a5376cf90;  alias, 1 drivers
v0x559a53766fe0_0 .net "B", 3 0, v0x559a53761de0_0;  alias, 1 drivers
v0x559a537670b0_0 .net "S", 3 0, L_0x559a5376f630;  alias, 1 drivers
v0x559a537671b0_0 .net "c1", 0 0, L_0x559a5376d160;  1 drivers
v0x559a53767250_0 .net "c2", 0 0, L_0x559a5376dba0;  1 drivers
v0x559a53767390_0 .net "c3", 0 0, L_0x559a5376e4e0;  1 drivers
v0x559a53767480_0 .net "c_in", 0 0, L_0x559a5376ced0;  alias, 1 drivers
v0x559a53767520_0 .net "c_out", 0 0, L_0x559a5376eed0;  alias, 1 drivers
L_0x559a5376d930 .part L_0x559a5376cf90, 0, 1;
L_0x559a5376da20 .part v0x559a53761de0_0, 0, 1;
L_0x559a5376e300 .part L_0x559a5376cf90, 1, 1;
L_0x559a5376e3f0 .part v0x559a53761de0_0, 1, 1;
L_0x559a5376ecb0 .part L_0x559a5376cf90, 2, 1;
L_0x559a5376eda0 .part v0x559a53761de0_0, 2, 1;
L_0x559a5376f630 .concat8 [ 1 1 1 1], L_0x559a5376d200, L_0x559a5376dc40, L_0x559a5376e580, L_0x559a5376ef70;
L_0x559a5376f810 .part L_0x559a5376cf90, 3, 1;
L_0x559a5376fa60 .part v0x559a53761de0_0, 3, 1;
S_0x559a537634f0 .scope module, "fa1" "fa" 5 7, 6 1 0, S_0x559a53763250;
 .timescale 0 0;
    .port_info 0 /OUTPUT 1 "c_out"
    .port_info 1 /OUTPUT 1 "sum"
    .port_info 2 /INPUT 1 "a"
    .port_info 3 /INPUT 1 "b"
    .port_info 4 /INPUT 1 "c_in"
L_0x7f3a9b2e90a8 .functor BUFT 1, C4<0>, C4<0>, C4<0>, C4<0>;
v0x559a53763760_0 .net *"_s10", 0 0, L_0x7f3a9b2e90a8;  1 drivers
v0x559a53763860_0 .net *"_s11", 1 0, L_0x559a5376d4d0;  1 drivers
v0x559a53763940_0 .net *"_s13", 1 0, L_0x559a5376d680;  1 drivers
L_0x7f3a9b2e90f0 .functor BUFT 1, C4<0>, C4<0>, C4<0>, C4<0>;
v0x559a53763a30_0 .net *"_s16", 0 0, L_0x7f3a9b2e90f0;  1 drivers
v0x559a53763b10_0 .net *"_s17", 1 0, L_0x559a5376d7f0;  1 drivers
v0x559a53763c40_0 .net *"_s3", 1 0, L_0x559a5376d2f0;  1 drivers
L_0x7f3a9b2e9060 .functor BUFT 1, C4<0>, C4<0>, C4<0>, C4<0>;
v0x559a53763d20_0 .net *"_s6", 0 0, L_0x7f3a9b2e9060;  1 drivers
v0x559a53763e00_0 .net *"_s7", 1 0, L_0x559a5376d3e0;  1 drivers
v0x559a53763ee0_0 .net "a", 0 0, L_0x559a5376d930;  1 drivers
v0x559a53764030_0 .net "b", 0 0, L_0x559a5376da20;  1 drivers
v0x559a537640f0_0 .net "c_in", 0 0, L_0x559a5376ced0;  alias, 1 drivers
v0x559a537641b0_0 .net "c_out", 0 0, L_0x559a5376d160;  alias, 1 drivers
v0x559a53764270_0 .net "sum", 0 0, L_0x559a5376d200;  1 drivers
L_0x559a5376d160 .part L_0x559a5376d7f0, 1, 1;
L_0x559a5376d200 .part L_0x559a5376d7f0, 0, 1;
L_0x559a5376d2f0 .concat [ 1 1 0 0], L_0x559a5376d930, L_0x7f3a9b2e9060;
L_0x559a5376d3e0 .concat [ 1 1 0 0], L_0x559a5376da20, L_0x7f3a9b2e90a8;
L_0x559a5376d4d0 .arith/sum 2, L_0x559a5376d2f0, L_0x559a5376d3e0;
L_0x559a5376d680 .concat [ 1 1 0 0], L_0x559a5376ced0, L_0x7f3a9b2e90f0;
L_0x559a5376d7f0 .arith/sum 2, L_0x559a5376d4d0, L_0x559a5376d680;
S_0x559a537643d0 .scope module, "fa2" "fa" 5 8, 6 1 0, S_0x559a53763250;
 .timescale 0 0;
    .port_info 0 /OUTPUT 1 "c_out"
    .port_info 1 /OUTPUT 1 "sum"
    .port_info 2 /INPUT 1 "a"
    .port_info 3 /INPUT 1 "b"
    .port_info 4 /INPUT 1 "c_in"
L_0x7f3a9b2e9180 .functor BUFT 1, C4<0>, C4<0>, C4<0>, C4<0>;
v0x559a537645f0_0 .net *"_s10", 0 0, L_0x7f3a9b2e9180;  1 drivers
v0x559a537646d0_0 .net *"_s11", 1 0, L_0x559a5376df10;  1 drivers
v0x559a537647b0_0 .net *"_s13", 1 0, L_0x559a5376e050;  1 drivers
L_0x7f3a9b2e91c8 .functor BUFT 1, C4<0>, C4<0>, C4<0>, C4<0>;
v0x559a537648a0_0 .net *"_s16", 0 0, L_0x7f3a9b2e91c8;  1 drivers
v0x559a53764980_0 .net *"_s17", 1 0, L_0x559a5376e1c0;  1 drivers
v0x559a53764ab0_0 .net *"_s3", 1 0, L_0x559a5376dce0;  1 drivers
L_0x7f3a9b2e9138 .functor BUFT 1, C4<0>, C4<0>, C4<0>, C4<0>;
v0x559a53764b90_0 .net *"_s6", 0 0, L_0x7f3a9b2e9138;  1 drivers
v0x559a53764c70_0 .net *"_s7", 1 0, L_0x559a5376de20;  1 drivers
v0x559a53764d50_0 .net "a", 0 0, L_0x559a5376e300;  1 drivers
v0x559a53764ea0_0 .net "b", 0 0, L_0x559a5376e3f0;  1 drivers
v0x559a53764f60_0 .net "c_in", 0 0, L_0x559a5376d160;  alias, 1 drivers
v0x559a53765000_0 .net "c_out", 0 0, L_0x559a5376dba0;  alias, 1 drivers
v0x559a537650a0_0 .net "sum", 0 0, L_0x559a5376dc40;  1 drivers
L_0x559a5376dba0 .part L_0x559a5376e1c0, 1, 1;
L_0x559a5376dc40 .part L_0x559a5376e1c0, 0, 1;
L_0x559a5376dce0 .concat [ 1 1 0 0], L_0x559a5376e300, L_0x7f3a9b2e9138;
L_0x559a5376de20 .concat [ 1 1 0 0], L_0x559a5376e3f0, L_0x7f3a9b2e9180;
L_0x559a5376df10 .arith/sum 2, L_0x559a5376dce0, L_0x559a5376de20;
L_0x559a5376e050 .concat [ 1 1 0 0], L_0x559a5376d160, L_0x7f3a9b2e91c8;
L_0x559a5376e1c0 .arith/sum 2, L_0x559a5376df10, L_0x559a5376e050;
S_0x559a53765230 .scope module, "fa3" "fa" 5 9, 6 1 0, S_0x559a53763250;
 .timescale 0 0;
    .port_info 0 /OUTPUT 1 "c_out"
    .port_info 1 /OUTPUT 1 "sum"
    .port_info 2 /INPUT 1 "a"
    .port_info 3 /INPUT 1 "b"
    .port_info 4 /INPUT 1 "c_in"
L_0x7f3a9b2e9258 .functor BUFT 1, C4<0>, C4<0>, C4<0>, C4<0>;
v0x559a53765460_0 .net *"_s10", 0 0, L_0x7f3a9b2e9258;  1 drivers
v0x559a53765540_0 .net *"_s11", 1 0, L_0x559a5376e910;  1 drivers
v0x559a53765620_0 .net *"_s13", 1 0, L_0x559a5376ea00;  1 drivers
L_0x7f3a9b2e92a0 .functor BUFT 1, C4<0>, C4<0>, C4<0>, C4<0>;
v0x559a53765710_0 .net *"_s16", 0 0, L_0x7f3a9b2e92a0;  1 drivers
v0x559a537657f0_0 .net *"_s17", 1 0, L_0x559a5376eb70;  1 drivers
v0x559a53765920_0 .net *"_s3", 1 0, L_0x559a5376e670;  1 drivers
L_0x7f3a9b2e9210 .functor BUFT 1, C4<0>, C4<0>, C4<0>, C4<0>;
v0x559a53765a00_0 .net *"_s6", 0 0, L_0x7f3a9b2e9210;  1 drivers
v0x559a53765ae0_0 .net *"_s7", 1 0, L_0x559a5376e760;  1 drivers
v0x559a53765bc0_0 .net "a", 0 0, L_0x559a5376ecb0;  1 drivers
v0x559a53765d10_0 .net "b", 0 0, L_0x559a5376eda0;  1 drivers
v0x559a53765dd0_0 .net "c_in", 0 0, L_0x559a5376dba0;  alias, 1 drivers
v0x559a53765e70_0 .net "c_out", 0 0, L_0x559a5376e4e0;  alias, 1 drivers
v0x559a53765f10_0 .net "sum", 0 0, L_0x559a5376e580;  1 drivers
L_0x559a5376e4e0 .part L_0x559a5376eb70, 1, 1;
L_0x559a5376e580 .part L_0x559a5376eb70, 0, 1;
L_0x559a5376e670 .concat [ 1 1 0 0], L_0x559a5376ecb0, L_0x7f3a9b2e9210;
L_0x559a5376e760 .concat [ 1 1 0 0], L_0x559a5376eda0, L_0x7f3a9b2e9258;
L_0x559a5376e910 .arith/sum 2, L_0x559a5376e670, L_0x559a5376e760;
L_0x559a5376ea00 .concat [ 1 1 0 0], L_0x559a5376dba0, L_0x7f3a9b2e92a0;
L_0x559a5376eb70 .arith/sum 2, L_0x559a5376e910, L_0x559a5376ea00;
S_0x559a537660a0 .scope module, "fa4" "fa" 5 10, 6 1 0, S_0x559a53763250;
 .timescale 0 0;
    .port_info 0 /OUTPUT 1 "c_out"
    .port_info 1 /OUTPUT 1 "sum"
    .port_info 2 /INPUT 1 "a"
    .port_info 3 /INPUT 1 "b"
    .port_info 4 /INPUT 1 "c_in"
L_0x7f3a9b2e9330 .functor BUFT 1, C4<0>, C4<0>, C4<0>, C4<0>;
v0x559a537662a0_0 .net *"_s10", 0 0, L_0x7f3a9b2e9330;  1 drivers
v0x559a537663a0_0 .net *"_s11", 1 0, L_0x559a5376f240;  1 drivers
v0x559a53766480_0 .net *"_s13", 1 0, L_0x559a5376f380;  1 drivers
L_0x7f3a9b2e9378 .functor BUFT 1, C4<0>, C4<0>, C4<0>, C4<0>;
v0x559a53766570_0 .net *"_s16", 0 0, L_0x7f3a9b2e9378;  1 drivers
v0x559a53766650_0 .net *"_s17", 1 0, L_0x559a5376f4f0;  1 drivers
v0x559a53766780_0 .net *"_s3", 1 0, L_0x559a5376f060;  1 drivers
L_0x7f3a9b2e92e8 .functor BUFT 1, C4<0>, C4<0>, C4<0>, C4<0>;
v0x559a53766860_0 .net *"_s6", 0 0, L_0x7f3a9b2e92e8;  1 drivers
v0x559a53766940_0 .net *"_s7", 1 0, L_0x559a5376f150;  1 drivers
v0x559a53766a20_0 .net "a", 0 0, L_0x559a5376f810;  1 drivers
v0x559a53766b70_0 .net "b", 0 0, L_0x559a5376fa60;  1 drivers
v0x559a53766c30_0 .net "c_in", 0 0, L_0x559a5376e4e0;  alias, 1 drivers
v0x559a53766cd0_0 .net "c_out", 0 0, L_0x559a5376eed0;  alias, 1 drivers
v0x559a53766d70_0 .net "sum", 0 0, L_0x559a5376ef70;  1 drivers
L_0x559a5376eed0 .part L_0x559a5376f4f0, 1, 1;
L_0x559a5376ef70 .part L_0x559a5376f4f0, 0, 1;
L_0x559a5376f060 .concat [ 1 1 0 0], L_0x559a5376f810, L_0x7f3a9b2e92e8;
L_0x559a5376f150 .concat [ 1 1 0 0], L_0x559a5376fa60, L_0x7f3a9b2e9330;
L_0x559a5376f240 .arith/sum 2, L_0x559a5376f060, L_0x559a5376f150;
L_0x559a5376f380 .concat [ 1 1 0 0], L_0x559a5376e4e0, L_0x7f3a9b2e9378;
L_0x559a5376f4f0 .arith/sum 2, L_0x559a5376f240, L_0x559a5376f380;
S_0x559a537675e0 .scope module, "ul" "ul4" 2 18, 7 15 0, S_0x559a5371e110;
 .timescale 0 0;
    .port_info 0 /OUTPUT 4 "out"
    .port_info 1 /INPUT 4 "a"
    .port_info 2 /INPUT 4 "b"
    .port_info 3 /INPUT 2 "s"
v0x559a53769220_0 .net "a", 3 0, L_0x559a5376cf90;  alias, 1 drivers
v0x559a53769350_0 .net "b", 3 0, v0x559a53761de0_0;  alias, 1 drivers
v0x559a53769460_0 .net "out", 3 0, L_0x559a53770060;  alias, 1 drivers
v0x559a53769500_0 .net "s", 1 0, o0x7f3a9b333338;  alias, 0 drivers
L_0x559a5376fb50 .part L_0x559a5376cf90, 0, 1;
L_0x559a5376fbf0 .part v0x559a53761de0_0, 0, 1;
L_0x559a5376fda0 .part L_0x559a5376cf90, 1, 1;
L_0x559a5376fe40 .part v0x559a53761de0_0, 1, 1;
L_0x559a5376fee0 .part L_0x559a5376cf90, 2, 1;
L_0x559a5376ff80 .part v0x559a53761de0_0, 2, 1;
L_0x559a53770060 .concat8 [ 1 1 1 1], v0x559a53767d50_0, v0x559a537683c0_0, v0x559a53768a50_0, v0x559a537690b0_0;
L_0x559a53770130 .part L_0x559a5376cf90, 3, 1;
L_0x559a53770250 .part v0x559a53761de0_0, 3, 1;
S_0x559a53767820 .scope module, "cl1" "cl" 7 17, 7 1 0, S_0x559a537675e0;
 .timescale 0 0;
    .port_info 0 /OUTPUT 1 "out"
    .port_info 1 /INPUT 1 "a"
    .port_info 2 /INPUT 1 "b"
    .port_info 3 /INPUT 2 "S"
v0x559a53767ac0_0 .net "S", 1 0, o0x7f3a9b333338;  alias, 0 drivers
v0x559a53767bc0_0 .net "a", 0 0, L_0x559a5376fb50;  1 drivers
v0x559a53767c80_0 .net "b", 0 0, L_0x559a5376fbf0;  1 drivers
v0x559a53767d50_0 .var "out", 0 0;
E_0x559a53721b80 .event edge, v0x559a53767ac0_0, v0x559a53767bc0_0, v0x559a53767c80_0;
S_0x559a53767ec0 .scope module, "cl2" "cl" 7 18, 7 1 0, S_0x559a537675e0;
 .timescale 0 0;
    .port_info 0 /OUTPUT 1 "out"
    .port_info 1 /INPUT 1 "a"
    .port_info 2 /INPUT 1 "b"
    .port_info 3 /INPUT 2 "S"
v0x559a53768140_0 .net "S", 1 0, o0x7f3a9b333338;  alias, 0 drivers
v0x559a53768250_0 .net "a", 0 0, L_0x559a5376fda0;  1 drivers
v0x559a537682f0_0 .net "b", 0 0, L_0x559a5376fe40;  1 drivers
v0x559a537683c0_0 .var "out", 0 0;
E_0x559a53720710 .event edge, v0x559a53767ac0_0, v0x559a53768250_0, v0x559a537682f0_0;
S_0x559a53768530 .scope module, "cl3" "cl" 7 19, 7 1 0, S_0x559a537675e0;
 .timescale 0 0;
    .port_info 0 /OUTPUT 1 "out"
    .port_info 1 /INPUT 1 "a"
    .port_info 2 /INPUT 1 "b"
    .port_info 3 /INPUT 2 "S"
v0x559a537687c0_0 .net "S", 1 0, o0x7f3a9b333338;  alias, 0 drivers
v0x559a537688f0_0 .net "a", 0 0, L_0x559a5376fee0;  1 drivers
v0x559a537689b0_0 .net "b", 0 0, L_0x559a5376ff80;  1 drivers
v0x559a53768a50_0 .var "out", 0 0;
E_0x559a536ebaa0 .event edge, v0x559a53767ac0_0, v0x559a537688f0_0, v0x559a537689b0_0;
S_0x559a53768bc0 .scope module, "cl4" "cl" 7 20, 7 1 0, S_0x559a537675e0;
 .timescale 0 0;
    .port_info 0 /OUTPUT 1 "out"
    .port_info 1 /INPUT 1 "a"
    .port_info 2 /INPUT 1 "b"
    .port_info 3 /INPUT 2 "S"
v0x559a53768e40_0 .net "S", 1 0, o0x7f3a9b333338;  alias, 0 drivers
v0x559a53768f20_0 .net "a", 0 0, L_0x559a53770130;  1 drivers
v0x559a53768fe0_0 .net "b", 0 0, L_0x559a53770250;  1 drivers
v0x559a537690b0_0 .var "out", 0 0;
E_0x559a53746ae0 .event edge, v0x559a53767ac0_0, v0x559a53768f20_0, v0x559a53768fe0_0;
S_0x559a5371cfd0 .scope module, "mux4_1" "mux4_1" 8 1;
 .timescale 0 0;
    .port_info 0 /OUTPUT 1 "out"
    .port_info 1 /INPUT 1 "a"
    .port_info 2 /INPUT 1 "b"
    .port_info 3 /INPUT 1 "c"
    .port_info 4 /INPUT 1 "d"
    .port_info 5 /INPUT 2 "S"
o0x7f3a9b333ed8 .functor BUFZ 2, C4<zz>; HiZ drive
v0x559a5376b9f0_0 .net "S", 1 0, o0x7f3a9b333ed8;  0 drivers
o0x7f3a9b333f08 .functor BUFZ 1, C4<z>; HiZ drive
v0x559a5376baf0_0 .net "a", 0 0, o0x7f3a9b333f08;  0 drivers
o0x7f3a9b333f38 .functor BUFZ 1, C4<z>; HiZ drive
v0x559a5376bbb0_0 .net "b", 0 0, o0x7f3a9b333f38;  0 drivers
o0x7f3a9b333f68 .functor BUFZ 1, C4<z>; HiZ drive
v0x559a5376bc50_0 .net "c", 0 0, o0x7f3a9b333f68;  0 drivers
o0x7f3a9b333f98 .functor BUFZ 1, C4<z>; HiZ drive
v0x559a5376bd10_0 .net "d", 0 0, o0x7f3a9b333f98;  0 drivers
v0x559a5376bdd0_0 .var "out", 0 0;
E_0x559a5376b960/0 .event edge, v0x559a5376b9f0_0, v0x559a5376baf0_0, v0x559a5376bbb0_0, v0x559a5376bc50_0;
E_0x559a5376b960/1 .event edge, v0x559a5376bd10_0;
E_0x559a5376b960 .event/or E_0x559a5376b960/0, E_0x559a5376b960/1;
    .scope S_0x559a53719dd0;
T_0 ;
    %wait E_0x559a53721a50;
    %load/vec4 v0x559a53761ec0_0;
    %pad/u 32;
    %cmpi/e 1, 0, 32;
    %jmp/0xz  T_0.0, 4;
    %load/vec4 v0x559a5371eaf0_0;
    %inv;
    %store/vec4 v0x559a53761de0_0, 0, 4;
    %jmp T_0.1;
T_0.0 ;
    %load/vec4 v0x559a5371eaf0_0;
    %store/vec4 v0x559a53761de0_0, 0, 4;
T_0.1 ;
    %jmp T_0;
    .thread T_0, $push;
    .scope S_0x559a53767820;
T_1 ;
    %wait E_0x559a53721b80;
    %load/vec4 v0x559a53767ac0_0;
    %dup/vec4;
    %pushi/vec4 0, 0, 2;
    %cmp/u;
    %jmp/1 T_1.0, 6;
    %dup/vec4;
    %pushi/vec4 1, 0, 2;
    %cmp/u;
    %jmp/1 T_1.1, 6;
    %dup/vec4;
    %pushi/vec4 2, 0, 2;
    %cmp/u;
    %jmp/1 T_1.2, 6;
    %dup/vec4;
    %pushi/vec4 3, 0, 2;
    %cmp/u;
    %jmp/1 T_1.3, 6;
    %pushi/vec4 1, 1, 1;
    %store/vec4 v0x559a53767d50_0, 0, 1;
    %jmp T_1.5;
T_1.0 ;
    %load/vec4 v0x559a53767bc0_0;
    %load/vec4 v0x559a53767c80_0;
    %and;
    %store/vec4 v0x559a53767d50_0, 0, 1;
    %jmp T_1.5;
T_1.1 ;
    %load/vec4 v0x559a53767bc0_0;
    %load/vec4 v0x559a53767c80_0;
    %or;
    %store/vec4 v0x559a53767d50_0, 0, 1;
    %jmp T_1.5;
T_1.2 ;
    %load/vec4 v0x559a53767bc0_0;
    %load/vec4 v0x559a53767c80_0;
    %xor;
    %store/vec4 v0x559a53767d50_0, 0, 1;
    %jmp T_1.5;
T_1.3 ;
    %load/vec4 v0x559a53767bc0_0;
    %nor/r;
    %store/vec4 v0x559a53767d50_0, 0, 1;
    %jmp T_1.5;
T_1.5 ;
    %pop/vec4 1;
    %jmp T_1;
    .thread T_1, $push;
    .scope S_0x559a53767ec0;
T_2 ;
    %wait E_0x559a53720710;
    %load/vec4 v0x559a53768140_0;
    %dup/vec4;
    %pushi/vec4 0, 0, 2;
    %cmp/u;
    %jmp/1 T_2.0, 6;
    %dup/vec4;
    %pushi/vec4 1, 0, 2;
    %cmp/u;
    %jmp/1 T_2.1, 6;
    %dup/vec4;
    %pushi/vec4 2, 0, 2;
    %cmp/u;
    %jmp/1 T_2.2, 6;
    %dup/vec4;
    %pushi/vec4 3, 0, 2;
    %cmp/u;
    %jmp/1 T_2.3, 6;
    %pushi/vec4 1, 1, 1;
    %store/vec4 v0x559a537683c0_0, 0, 1;
    %jmp T_2.5;
T_2.0 ;
    %load/vec4 v0x559a53768250_0;
    %load/vec4 v0x559a537682f0_0;
    %and;
    %store/vec4 v0x559a537683c0_0, 0, 1;
    %jmp T_2.5;
T_2.1 ;
    %load/vec4 v0x559a53768250_0;
    %load/vec4 v0x559a537682f0_0;
    %or;
    %store/vec4 v0x559a537683c0_0, 0, 1;
    %jmp T_2.5;
T_2.2 ;
    %load/vec4 v0x559a53768250_0;
    %load/vec4 v0x559a537682f0_0;
    %xor;
    %store/vec4 v0x559a537683c0_0, 0, 1;
    %jmp T_2.5;
T_2.3 ;
    %load/vec4 v0x559a53768250_0;
    %nor/r;
    %store/vec4 v0x559a537683c0_0, 0, 1;
    %jmp T_2.5;
T_2.5 ;
    %pop/vec4 1;
    %jmp T_2;
    .thread T_2, $push;
    .scope S_0x559a53768530;
T_3 ;
    %wait E_0x559a536ebaa0;
    %load/vec4 v0x559a537687c0_0;
    %dup/vec4;
    %pushi/vec4 0, 0, 2;
    %cmp/u;
    %jmp/1 T_3.0, 6;
    %dup/vec4;
    %pushi/vec4 1, 0, 2;
    %cmp/u;
    %jmp/1 T_3.1, 6;
    %dup/vec4;
    %pushi/vec4 2, 0, 2;
    %cmp/u;
    %jmp/1 T_3.2, 6;
    %dup/vec4;
    %pushi/vec4 3, 0, 2;
    %cmp/u;
    %jmp/1 T_3.3, 6;
    %pushi/vec4 1, 1, 1;
    %store/vec4 v0x559a53768a50_0, 0, 1;
    %jmp T_3.5;
T_3.0 ;
    %load/vec4 v0x559a537688f0_0;
    %load/vec4 v0x559a537689b0_0;
    %and;
    %store/vec4 v0x559a53768a50_0, 0, 1;
    %jmp T_3.5;
T_3.1 ;
    %load/vec4 v0x559a537688f0_0;
    %load/vec4 v0x559a537689b0_0;
    %or;
    %store/vec4 v0x559a53768a50_0, 0, 1;
    %jmp T_3.5;
T_3.2 ;
    %load/vec4 v0x559a537688f0_0;
    %load/vec4 v0x559a537689b0_0;
    %xor;
    %store/vec4 v0x559a53768a50_0, 0, 1;
    %jmp T_3.5;
T_3.3 ;
    %load/vec4 v0x559a537688f0_0;
    %nor/r;
    %store/vec4 v0x559a53768a50_0, 0, 1;
    %jmp T_3.5;
T_3.5 ;
    %pop/vec4 1;
    %jmp T_3;
    .thread T_3, $push;
    .scope S_0x559a53768bc0;
T_4 ;
    %wait E_0x559a53746ae0;
    %load/vec4 v0x559a53768e40_0;
    %dup/vec4;
    %pushi/vec4 0, 0, 2;
    %cmp/u;
    %jmp/1 T_4.0, 6;
    %dup/vec4;
    %pushi/vec4 1, 0, 2;
    %cmp/u;
    %jmp/1 T_4.1, 6;
    %dup/vec4;
    %pushi/vec4 2, 0, 2;
    %cmp/u;
    %jmp/1 T_4.2, 6;
    %dup/vec4;
    %pushi/vec4 3, 0, 2;
    %cmp/u;
    %jmp/1 T_4.3, 6;
    %pushi/vec4 1, 1, 1;
    %store/vec4 v0x559a537690b0_0, 0, 1;
    %jmp T_4.5;
T_4.0 ;
    %load/vec4 v0x559a53768f20_0;
    %load/vec4 v0x559a53768fe0_0;
    %and;
    %store/vec4 v0x559a537690b0_0, 0, 1;
    %jmp T_4.5;
T_4.1 ;
    %load/vec4 v0x559a53768f20_0;
    %load/vec4 v0x559a53768fe0_0;
    %or;
    %store/vec4 v0x559a537690b0_0, 0, 1;
    %jmp T_4.5;
T_4.2 ;
    %load/vec4 v0x559a53768f20_0;
    %load/vec4 v0x559a53768fe0_0;
    %xor;
    %store/vec4 v0x559a537690b0_0, 0, 1;
    %jmp T_4.5;
T_4.3 ;
    %load/vec4 v0x559a53768f20_0;
    %nor/r;
    %store/vec4 v0x559a537690b0_0, 0, 1;
    %jmp T_4.5;
T_4.5 ;
    %pop/vec4 1;
    %jmp T_4;
    .thread T_4, $push;
    .scope S_0x559a5371cfd0;
T_5 ;
    %wait E_0x559a5376b960;
    %load/vec4 v0x559a5376b9f0_0;
    %dup/vec4;
    %pushi/vec4 0, 0, 2;
    %cmp/u;
    %jmp/1 T_5.0, 6;
    %dup/vec4;
    %pushi/vec4 1, 0, 2;
    %cmp/u;
    %jmp/1 T_5.1, 6;
    %dup/vec4;
    %pushi/vec4 2, 0, 2;
    %cmp/u;
    %jmp/1 T_5.2, 6;
    %dup/vec4;
    %pushi/vec4 3, 0, 2;
    %cmp/u;
    %jmp/1 T_5.3, 6;
    %pushi/vec4 1, 1, 1;
    %store/vec4 v0x559a5376bdd0_0, 0, 1;
    %jmp T_5.5;
T_5.0 ;
    %load/vec4 v0x559a5376baf0_0;
    %store/vec4 v0x559a5376bdd0_0, 0, 1;
    %jmp T_5.5;
T_5.1 ;
    %load/vec4 v0x559a5376bbb0_0;
    %store/vec4 v0x559a5376bdd0_0, 0, 1;
    %jmp T_5.5;
T_5.2 ;
    %load/vec4 v0x559a5376bc50_0;
    %store/vec4 v0x559a5376bdd0_0, 0, 1;
    %jmp T_5.5;
T_5.3 ;
    %load/vec4 v0x559a5376bd10_0;
    %store/vec4 v0x559a5376bdd0_0, 0, 1;
    %jmp T_5.5;
T_5.5 ;
    %pop/vec4 1;
    %jmp T_5;
    .thread T_5, $push;
# The file index is used to find the file name in the following table.
:file_names 9;
    "N/A";
    "<interactive>";
    "alu.v";
    "compl1.v";
    "mux2_4.v";
    "sum4.v";
    "fa.v";
    "ul4.v";
    "mux4_1.v";
